[debug] [2025-11-19T06:21:25.125Z] ----------------------------------------------------------------------
[debug] [2025-11-19T06:21:25.130Z] Command:       C:\Program Files\nodejs\node.exe C:\Users\alvis\AppData\Roaming\npm\node_modules\firebase-tools\lib\bin\firebase.js init
[debug] [2025-11-19T06:21:25.130Z] CLI Version:   14.25.1
[debug] [2025-11-19T06:21:25.130Z] Platform:      win32
[debug] [2025-11-19T06:21:25.130Z] Node Version:  v24.5.0
[debug] [2025-11-19T06:21:25.131Z] Time:          Wed Nov 19 2025 11:51:25 GMT+0530 (India Standard Time)
[debug] [2025-11-19T06:21:25.131Z] ----------------------------------------------------------------------
[debug] 
[info] 
     ######## #### ########  ######## ########     ###     ######  ########
     ##        ##  ##     ## ##       ##     ##  ##   ##  ##       ##
     ######    ##  ########  ######   ########  #########  ######  ######
     ##        ##  ##    ##  ##       ##     ## ##     ##       ## ##
     ##       #### ##     ## ######## ########  ##     ##  ######  ########

You're about to initialize a Firebase project in this directory:

  C:\Users\alvis\OneDrive\Desktop\infosys internship

[debug] [2025-11-19T06:23:57.780Z] ExitPromptError: User force closed the prompt with SIGINT
    at Interface.sigint (C:\Users\alvis\AppData\Roaming\npm\node_modules\firebase-tools\node_modules\@inquirer\core\dist\commonjs\lib\create-prompt.js:101:37)
    at Interface.emit (node:events:507:28)
    at Interface.emit (node:domain:489:12)
    at [_ttyWrite] [as _ttyWrite] (node:internal/readline/interface:1315:18)
    at ReadStream.onkeypress (node:internal/readline/interface:284:20)
    at ReadStream.emit (node:events:519:35)
    at ReadStream.emit (node:domain:489:12)
    at emitKeys (node:internal/readline/utils:371:14)
    at emitKeys.next (<anonymous>)
    at ReadStream.onData (node:internal/readline/emitKeypressEvents:64:36)
[error] 
[error] Error: An unexpected error has occurred.
